[debug] [2026-04-15T00:36:21.173Z] ----------------------------------------------------------------------
[debug] [2026-04-15T00:36:21.180Z] Command:       C:\Program Files\nodejs\node.exe C:\Users\ADMIN\AppData\Roaming\npm\node_modules\firebase-tools\lib\bin\firebase.js init firestore
[debug] [2026-04-15T00:36:21.181Z] CLI Version:   15.14.0
[debug] [2026-04-15T00:36:21.181Z] Platform:      win32
[debug] [2026-04-15T00:36:21.181Z] Node Version:  v22.20.0
[debug] [2026-04-15T00:36:21.182Z] Time:          Wed Apr 15 2026 04:36:21 GMT+0400 (Gulf Standard Time)
[debug] [2026-04-15T00:36:21.182Z] ----------------------------------------------------------------------
[debug] 
[info] 
     ######## #### ########  ######## ########     ###     ######  ########
     ##        ##  ##     ## ##       ##     ##  ##   ##  ##       ##
     ######    ##  ########  ######   ########  #########  ######  ######
     ##        ##  ##    ##  ##       ##     ## ##     ##       ## ##
     ##       #### ##     ## ######## ########  ##     ##  ######  ########

You're about to initialize a Firebase project in this directory:

  C:\Users\ADMIN\Downloads\NeuroFlex360_Final (1)\nf_final

[info] 
=== Project Setup
[info] 
[info] First, let's associate this project directory with a Firebase project.
[info] You can create multiple project aliases by running firebase use --add, 
[info] 
[debug] [2026-04-15T00:37:25.755Z] > command requires scopes: ["email","openid","https://www.googleapis.com/auth/cloudplatformprojects.readonly","https://www.googleapis.com/auth/firebase","https://www.googleapis.com/auth/cloud-platform"]
[debug] [2026-04-15T00:37:25.756Z] > authorizing via signed-in user (tobikuti12@gmail.com)
[debug] [2026-04-15T00:37:25.759Z] Checked if tokens are valid: true, expires at: 1776215869147
[debug] [2026-04-15T00:37:25.759Z] Checked if tokens are valid: true, expires at: 1776215869147
[debug] [2026-04-15T00:37:25.763Z] >>> [apiv2][query] GET https://firebase.googleapis.com/v1beta1/projects pageSize=100
[debug] [2026-04-15T00:37:30.846Z] <<< [apiv2][status] GET https://firebase.googleapis.com/v1beta1/projects 200
[debug] [2026-04-15T00:37:30.846Z] <<< [apiv2][body] GET https://firebase.googleapis.com/v1beta1/projects [omitted]
[info] 
=== Firestore Setup
[info] i  firestore: ensuring required API firestore.googleapis.com is enabled... 
[debug] [2026-04-15T00:37:36.948Z] Checked if tokens are valid: true, expires at: 1776215869147
[debug] [2026-04-15T00:37:36.948Z] Checked if tokens are valid: true, expires at: 1776215869147
[debug] [2026-04-15T00:37:36.949Z] >>> [apiv2][query] GET https://serviceusage.googleapis.com/v1/projects/neuroflex360-c7e1a/services/firestore.googleapis.com [none]
[debug] [2026-04-15T00:37:36.949Z] >>> [apiv2][(partial)header] GET https://serviceusage.googleapis.com/v1/projects/neuroflex360-c7e1a/services/firestore.googleapis.com  x-goog-user-project=neuroflex360-c7e1a
[debug] [2026-04-15T00:37:42.872Z] <<< [apiv2][status] GET https://serviceusage.googleapis.com/v1/projects/neuroflex360-c7e1a/services/firestore.googleapis.com 200
[debug] [2026-04-15T00:37:42.872Z] <<< [apiv2][body] GET https://serviceusage.googleapis.com/v1/projects/neuroflex360-c7e1a/services/firestore.googleapis.com [omitted]
[info] +  firestore: required API firestore.googleapis.com is enabled 
[debug] [2026-04-15T00:37:42.886Z] Checked if tokens are valid: true, expires at: 1776215869147
[debug] [2026-04-15T00:37:42.886Z] Checked if tokens are valid: true, expires at: 1776215869147
[debug] [2026-04-15T00:37:42.886Z] >>> [apiv2][query] GET https://firestore.googleapis.com/v1/projects/neuroflex360-c7e1a/databases [none]
[debug] [2026-04-15T00:37:45.065Z] <<< [apiv2][status] GET https://firestore.googleapis.com/v1/projects/neuroflex360-c7e1a/databases 200
[debug] [2026-04-15T00:37:45.066Z] <<< [apiv2][body] GET https://firestore.googleapis.com/v1/projects/neuroflex360-c7e1a/databases {"databases":[{"name":"projects/neuroflex360-c7e1a/databases/(default)","uid":"442c9a8b-c303-4d76-8eda-5145b4c871ba","createTime":"2026-04-15T00:07:56.886038Z","updateTime":"2026-04-15T00:07:56.886038Z","locationId":"asia-south1","type":"FIRESTORE_NATIVE","concurrencyMode":"PESSIMISTIC","versionRetentionPeriod":"3600s","earliestVersionTime":"2026-04-15T00:07:56.886038Z","appEngineIntegrationMode":"DISABLED","keyPrefix":"j","pointInTimeRecoveryEnablement":"POINT_IN_TIME_RECOVERY_DISABLED","deleteProtectionState":"DELETE_PROTECTION_DISABLED","databaseEdition":"STANDARD","freeTier":true,"realtimeUpdatesMode":"REALTIME_UPDATES_MODE_ENABLED","etag":"ILLe7uTO7pMDMJbor5DI7pMD"}]}
[info] 
[info] Firestore Security Rules allow you to define how and when to allow
[info] requests. You can keep these rules in your project directory
[info] and publish them with firebase deploy.
[info] 
